[GoCms]2021/10/28 - 15:05:01.848	[35mdebug[0m	C:/work_go/go-cms-builder/server/utils/directory.go:40	create directorysuperBuilder_template\server\cmsAd\api
[GoCms]2021/10/28 - 15:05:01.865	[35mdebug[0m	C:/work_go/go-cms-builder/server/utils/directory.go:40	create directorysuperBuilder_template\server\cmsAd\model
[GoCms]2021/10/28 - 15:05:01.867	[35mdebug[0m	C:/work_go/go-cms-builder/server/utils/directory.go:40	create directorysuperBuilder_template\server\cmsAd\request
[GoCms]2021/10/28 - 15:05:01.869	[35mdebug[0m	C:/work_go/go-cms-builder/server/utils/directory.go:40	create directorysuperBuilder_template\server\cmsAd\router
[GoCms]2021/10/28 - 15:05:01.874	[35mdebug[0m	C:/work_go/go-cms-builder/server/utils/directory.go:40	create directorysuperBuilder_template\server\cmsAd\service
[GoCms]2021/10/28 - 15:05:01.876	[35mdebug[0m	C:/work_go/go-cms-builder/server/utils/directory.go:40	create directorysuperBuilder_template\web\cmsAd\api
[GoCms]2021/10/28 - 15:05:01.883	[35mdebug[0m	C:/work_go/go-cms-builder/server/utils/directory.go:40	create directorysuperBuilder_template\web\cmsAd\form
[GoCms]2021/10/28 - 15:05:01.884	[35mdebug[0m	C:/work_go/go-cms-builder/server/utils/directory.go:40	create directorysuperBuilder_template\web\cmsAd\table
[GoCms]2021/10/28 - 15:21:52.125	[35mdebug[0m	C:/work_go/go-cms-builder/server/utils/directory.go:40	create directorysuperBuilder_template\server\cmsAd\api
[GoCms]2021/10/28 - 15:21:52.130	[35mdebug[0m	C:/work_go/go-cms-builder/server/utils/directory.go:40	create directorysuperBuilder_template\server\cmsAd\model
[GoCms]2021/10/28 - 15:21:52.132	[35mdebug[0m	C:/work_go/go-cms-builder/server/utils/directory.go:40	create directorysuperBuilder_template\server\cmsAd\request
[GoCms]2021/10/28 - 15:21:52.134	[35mdebug[0m	C:/work_go/go-cms-builder/server/utils/directory.go:40	create directorysuperBuilder_template\server\cmsAd\router
[GoCms]2021/10/28 - 15:21:52.135	[35mdebug[0m	C:/work_go/go-cms-builder/server/utils/directory.go:40	create directorysuperBuilder_template\server\cmsAd\service
[GoCms]2021/10/28 - 15:21:52.139	[35mdebug[0m	C:/work_go/go-cms-builder/server/utils/directory.go:40	create directorysuperBuilder_template\web\cmsAd\api
[GoCms]2021/10/28 - 15:21:52.146	[35mdebug[0m	C:/work_go/go-cms-builder/server/utils/directory.go:40	create directorysuperBuilder_template\web\cmsAd\form
[GoCms]2021/10/28 - 15:21:52.149	[35mdebug[0m	C:/work_go/go-cms-builder/server/utils/directory.go:40	create directorysuperBuilder_template\web\cmsAd\table
[GoCms]2021/11/04 - 13:53:16.138	[35mdebug[0m	C:/work_go/go-cms-builder/server/utils/directory.go:40	create directorysuperBuilder_template\server\cmsAdSeat\api
[GoCms]2021/11/04 - 13:53:16.139	[35mdebug[0m	C:/work_go/go-cms-builder/server/utils/directory.go:40	create directorysuperBuilder_template\server\cmsAdSeat\model
[GoCms]2021/11/04 - 13:53:16.141	[35mdebug[0m	C:/work_go/go-cms-builder/server/utils/directory.go:40	create directorysuperBuilder_template\server\cmsAdSeat\request
[GoCms]2021/11/04 - 13:53:16.142	[35mdebug[0m	C:/work_go/go-cms-builder/server/utils/directory.go:40	create directorysuperBuilder_template\server\cmsAdSeat\router
[GoCms]2021/11/04 - 13:53:16.142	[35mdebug[0m	C:/work_go/go-cms-builder/server/utils/directory.go:40	create directorysuperBuilder_template\server\cmsAdSeat\service
[GoCms]2021/11/04 - 13:53:16.144	[35mdebug[0m	C:/work_go/go-cms-builder/server/utils/directory.go:40	create directorysuperBuilder_template\web\cmsAdSeat\api
[GoCms]2021/11/04 - 13:53:16.147	[35mdebug[0m	C:/work_go/go-cms-builder/server/utils/directory.go:40	create directorysuperBuilder_template\web\cmsAdSeat\form
[GoCms]2021/11/04 - 13:53:16.148	[35mdebug[0m	C:/work_go/go-cms-builder/server/utils/directory.go:40	create directorysuperBuilder_template\web\cmsAdSeat\table
[GoCms]2021/11/04 - 14:01:37.277	[35mdebug[0m	C:/work_go/go-cms-builder/server/utils/directory.go:40	create directorysuperBuilder_template\server\cmsAdSeat\api
[GoCms]2021/11/04 - 14:01:37.279	[35mdebug[0m	C:/work_go/go-cms-builder/server/utils/directory.go:40	create directorysuperBuilder_template\server\cmsAdSeat\model
[GoCms]2021/11/04 - 14:01:37.279	[35mdebug[0m	C:/work_go/go-cms-builder/server/utils/directory.go:40	create directorysuperBuilder_template\server\cmsAdSeat\request
[GoCms]2021/11/04 - 14:01:37.280	[35mdebug[0m	C:/work_go/go-cms-builder/server/utils/directory.go:40	create directorysuperBuilder_template\server\cmsAdSeat\router
[GoCms]2021/11/04 - 14:01:37.280	[35mdebug[0m	C:/work_go/go-cms-builder/server/utils/directory.go:40	create directorysuperBuilder_template\server\cmsAdSeat\service
[GoCms]2021/11/04 - 14:01:37.281	[35mdebug[0m	C:/work_go/go-cms-builder/server/utils/directory.go:40	create directorysuperBuilder_template\web\cmsAdSeat\api
[GoCms]2021/11/04 - 14:01:37.282	[35mdebug[0m	C:/work_go/go-cms-builder/server/utils/directory.go:40	create directorysuperBuilder_template\web\cmsAdSeat\form
[GoCms]2021/11/04 - 14:01:37.282	[35mdebug[0m	C:/work_go/go-cms-builder/server/utils/directory.go:40	create directorysuperBuilder_template\web\cmsAdSeat\table
[GoCms]2021/11/04 - 14:25:57.537	[35mdebug[0m	C:/work_go/go-cms-builder/server/utils/directory.go:40	create directorysuperBuilder_template\server\cmsAd\api
[GoCms]2021/11/04 - 14:25:57.538	[35mdebug[0m	C:/work_go/go-cms-builder/server/utils/directory.go:40	create directorysuperBuilder_template\server\cmsAd\model
[GoCms]2021/11/04 - 14:25:57.539	[35mdebug[0m	C:/work_go/go-cms-builder/server/utils/directory.go:40	create directorysuperBuilder_template\server\cmsAd\request
[GoCms]2021/11/04 - 14:25:57.540	[35mdebug[0m	C:/work_go/go-cms-builder/server/utils/directory.go:40	create directorysuperBuilder_template\server\cmsAd\router
[GoCms]2021/11/04 - 14:25:57.541	[35mdebug[0m	C:/work_go/go-cms-builder/server/utils/directory.go:40	create directorysuperBuilder_template\server\cmsAd\service
[GoCms]2021/11/04 - 14:25:57.541	[35mdebug[0m	C:/work_go/go-cms-builder/server/utils/directory.go:40	create directorysuperBuilder_template\web\cmsAd\api
[GoCms]2021/11/04 - 14:25:57.543	[35mdebug[0m	C:/work_go/go-cms-builder/server/utils/directory.go:40	create directorysuperBuilder_template\web\cmsAd\form
[GoCms]2021/11/04 - 14:25:57.544	[35mdebug[0m	C:/work_go/go-cms-builder/server/utils/directory.go:40	create directorysuperBuilder_template\web\cmsAd\table
[GoCms]2021/11/04 - 14:26:34.094	[35mdebug[0m	C:/work_go/go-cms-builder/server/utils/directory.go:40	create directorysuperBuilder_template\server\cmsArticle\api
[GoCms]2021/11/04 - 14:26:34.095	[35mdebug[0m	C:/work_go/go-cms-builder/server/utils/directory.go:40	create directorysuperBuilder_template\server\cmsArticle\model
[GoCms]2021/11/04 - 14:26:34.096	[35mdebug[0m	C:/work_go/go-cms-builder/server/utils/directory.go:40	create directorysuperBuilder_template\server\cmsArticle\request
[GoCms]2021/11/04 - 14:26:34.097	[35mdebug[0m	C:/work_go/go-cms-builder/server/utils/directory.go:40	create directorysuperBuilder_template\server\cmsArticle\router
[GoCms]2021/11/04 - 14:26:34.097	[35mdebug[0m	C:/work_go/go-cms-builder/server/utils/directory.go:40	create directorysuperBuilder_template\server\cmsArticle\service
[GoCms]2021/11/04 - 14:26:34.098	[35mdebug[0m	C:/work_go/go-cms-builder/server/utils/directory.go:40	create directorysuperBuilder_template\web\cmsArticle\api
[GoCms]2021/11/04 - 14:26:34.098	[35mdebug[0m	C:/work_go/go-cms-builder/server/utils/directory.go:40	create directorysuperBuilder_template\web\cmsArticle\form
[GoCms]2021/11/04 - 14:26:34.099	[35mdebug[0m	C:/work_go/go-cms-builder/server/utils/directory.go:40	create directorysuperBuilder_template\web\cmsArticle\table
[GoCms]2021/11/04 - 14:27:07.106	[35mdebug[0m	C:/work_go/go-cms-builder/server/utils/directory.go:40	create directorysuperBuilder_template\server\cmsCat\api
[GoCms]2021/11/04 - 14:27:07.108	[35mdebug[0m	C:/work_go/go-cms-builder/server/utils/directory.go:40	create directorysuperBuilder_template\server\cmsCat\model
[GoCms]2021/11/04 - 14:27:07.109	[35mdebug[0m	C:/work_go/go-cms-builder/server/utils/directory.go:40	create directorysuperBuilder_template\server\cmsCat\request
[GoCms]2021/11/04 - 14:27:07.111	[35mdebug[0m	C:/work_go/go-cms-builder/server/utils/directory.go:40	create directorysuperBuilder_template\server\cmsCat\router
[GoCms]2021/11/04 - 14:27:07.112	[35mdebug[0m	C:/work_go/go-cms-builder/server/utils/directory.go:40	create directorysuperBuilder_template\server\cmsCat\service
[GoCms]2021/11/04 - 14:27:07.113	[35mdebug[0m	C:/work_go/go-cms-builder/server/utils/directory.go:40	create directorysuperBuilder_template\web\cmsCat\api
[GoCms]2021/11/04 - 14:27:07.114	[35mdebug[0m	C:/work_go/go-cms-builder/server/utils/directory.go:40	create directorysuperBuilder_template\web\cmsCat\form
[GoCms]2021/11/04 - 14:27:07.115	[35mdebug[0m	C:/work_go/go-cms-builder/server/utils/directory.go:40	create directorysuperBuilder_template\web\cmsCat\table
[GoCms]2021/11/09 - 14:59:30.460	[35mdebug[0m	C:/work_go/go-cms-builder/server/utils/directory.go:40	create directorysuperBuilder_template\server\cmsCat\api
[GoCms]2021/11/09 - 14:59:30.465	[35mdebug[0m	C:/work_go/go-cms-builder/server/utils/directory.go:40	create directorysuperBuilder_template\server\cmsCat\model
[GoCms]2021/11/09 - 14:59:30.467	[35mdebug[0m	C:/work_go/go-cms-builder/server/utils/directory.go:40	create directorysuperBuilder_template\server\cmsCat\request
[GoCms]2021/11/09 - 14:59:30.472	[35mdebug[0m	C:/work_go/go-cms-builder/server/utils/directory.go:40	create directorysuperBuilder_template\server\cmsCat\router
[GoCms]2021/11/09 - 14:59:30.476	[35mdebug[0m	C:/work_go/go-cms-builder/server/utils/directory.go:40	create directorysuperBuilder_template\server\cmsCat\service
[GoCms]2021/11/09 - 14:59:30.478	[35mdebug[0m	C:/work_go/go-cms-builder/server/utils/directory.go:40	create directorysuperBuilder_template\web\cmsCat\api
[GoCms]2021/11/09 - 14:59:30.483	[35mdebug[0m	C:/work_go/go-cms-builder/server/utils/directory.go:40	create directorysuperBuilder_template\web\cmsCat\form
[GoCms]2021/11/09 - 14:59:30.486	[35mdebug[0m	C:/work_go/go-cms-builder/server/utils/directory.go:40	create directorysuperBuilder_template\web\cmsCat\table
[GoCms]2021/11/09 - 15:01:00.240	[35mdebug[0m	C:/work_go/go-cms-builder/server/utils/directory.go:40	create directorysuperBuilder_template\server\cmsCat\api
[GoCms]2021/11/09 - 15:01:00.262	[35mdebug[0m	C:/work_go/go-cms-builder/server/utils/directory.go:40	create directorysuperBuilder_template\server\cmsCat\model
[GoCms]2021/11/09 - 15:01:00.265	[35mdebug[0m	C:/work_go/go-cms-builder/server/utils/directory.go:40	create directorysuperBuilder_template\server\cmsCat\request
[GoCms]2021/11/09 - 15:01:00.267	[35mdebug[0m	C:/work_go/go-cms-builder/server/utils/directory.go:40	create directorysuperBuilder_template\server\cmsCat\router
[GoCms]2021/11/09 - 15:01:00.269	[35mdebug[0m	C:/work_go/go-cms-builder/server/utils/directory.go:40	create directorysuperBuilder_template\server\cmsCat\service
[GoCms]2021/11/09 - 15:01:00.274	[35mdebug[0m	C:/work_go/go-cms-builder/server/utils/directory.go:40	create directorysuperBuilder_template\web\cmsCat\api
[GoCms]2021/11/09 - 15:01:00.287	[35mdebug[0m	C:/work_go/go-cms-builder/server/utils/directory.go:40	create directorysuperBuilder_template\web\cmsCat\form
[GoCms]2021/11/09 - 15:01:00.289	[35mdebug[0m	C:/work_go/go-cms-builder/server/utils/directory.go:40	create directorysuperBuilder_template\web\cmsCat\table
[GoCms]2021/11/09 - 15:01:45.964	[35mdebug[0m	C:/work_go/go-cms-builder/server/utils/directory.go:40	create directorysuperBuilder_template\server\cmsCat\api
[GoCms]2021/11/09 - 15:01:45.967	[35mdebug[0m	C:/work_go/go-cms-builder/server/utils/directory.go:40	create directorysuperBuilder_template\server\cmsCat\model
[GoCms]2021/11/09 - 15:01:45.967	[35mdebug[0m	C:/work_go/go-cms-builder/server/utils/directory.go:40	create directorysuperBuilder_template\server\cmsCat\request
[GoCms]2021/11/09 - 15:01:45.968	[35mdebug[0m	C:/work_go/go-cms-builder/server/utils/directory.go:40	create directorysuperBuilder_template\server\cmsCat\router
[GoCms]2021/11/09 - 15:01:45.968	[35mdebug[0m	C:/work_go/go-cms-builder/server/utils/directory.go:40	create directorysuperBuilder_template\server\cmsCat\service
[GoCms]2021/11/09 - 15:01:45.969	[35mdebug[0m	C:/work_go/go-cms-builder/server/utils/directory.go:40	create directorysuperBuilder_template\web\cmsCat\api
[GoCms]2021/11/09 - 15:01:45.970	[35mdebug[0m	C:/work_go/go-cms-builder/server/utils/directory.go:40	create directorysuperBuilder_template\web\cmsCat\form
[GoCms]2021/11/09 - 15:01:45.971	[35mdebug[0m	C:/work_go/go-cms-builder/server/utils/directory.go:40	create directorysuperBuilder_template\web\cmsCat\table
