[GoCms]2021/11/05 - 17:35:05.173	[31merror[0m	C:/work_go/go-cms-builder/server/core/server.go:44	listen tcp :40050: bind: Only one usage of each socket address (protocol/network address/port) is normally permitted.
[GoCms]2021/11/05 - 17:38:03.430	[31merror[0m	C:/work_go/go-cms-builder/server/core/server.go:44	listen tcp :40050: bind: Only one usage of each socket address (protocol/network address/port) is normally permitted.
[GoCms]2021/11/05 - 17:38:10.918	[31merror[0m	C:/work_go/go-cms-builder/server/core/server.go:44	listen tcp :40050: bind: Only one usage of each socket address (protocol/network address/port) is normally permitted.
[GoCms]2021/11/08 - 10:36:54.291	[31merror[0m	C:/work_go/go-cms-builder/server/core/server.go:44	listen tcp :40050: bind: Only one usage of each socket address (protocol/network address/port) is normally permitted.
[GoCms]2021/11/08 - 10:36:54.366	[31merror[0m	C:/work_go/go-cms-builder/server/core/server.go:44	listen tcp :40050: bind: Only one usage of each socket address (protocol/network address/port) is normally permitted.
[GoCms]2021/11/08 - 10:36:54.497	[31merror[0m	C:/work_go/go-cms-builder/server/core/server.go:44	listen tcp :40050: bind: Only one usage of each socket address (protocol/network address/port) is normally permitted.
[GoCms]2021/11/08 - 10:37:51.690	[31merror[0m	C:/work_go/go-cms-builder/server/core/server.go:44	listen tcp :40050: bind: Only one usage of each socket address (protocol/network address/port) is normally permitted.
[GoCms]2021/11/08 - 12:26:43.542	[31merror[0m	C:/work_go/go-cms-builder/server/core/server.go:44	listen tcp :40050: bind: Only one usage of each socket address (protocol/network address/port) is normally permitted.
[GoCms]2021/11/08 - 12:26:53.531	[31merror[0m	C:/work_go/go-cms-builder/server/core/server.go:44	listen tcp :40050: bind: Only one usage of each socket address (protocol/network address/port) is normally permitted.
[GoCms]2021/11/09 - 11:02:49.749	[31merror[0m	C:/work_go/go-cms-builder/server/core/server.go:44	listen tcp :40050: bind: Only one usage of each socket address (protocol/network address/port) is normally permitted.
[GoCms]2021/11/09 - 11:10:56.541	[31merror[0m	C:/work_go/go-cms-builder/server/core/server.go:44	listen tcp :40050: bind: Only one usage of each socket address (protocol/network address/port) is normally permitted.
[GoCms]2021/11/09 - 13:33:51.551	[31merror[0m	C:/work_go/go-cms-builder/server/core/server.go:44	listen tcp :40050: bind: Only one usage of each socket address (protocol/network address/port) is normally permitted.
[GoCms]2021/11/09 - 14:35:39.218	[31merror[0m	C:/work_go/go-cms-builder/server/core/server.go:44	listen tcp :40050: bind: Only one usage of each socket address (protocol/network address/port) is normally permitted.
[GoCms]2021/11/09 - 14:35:39.580	[31merror[0m	C:/work_go/go-cms-builder/server/core/server.go:44	listen tcp :40050: bind: Only one usage of each socket address (protocol/network address/port) is normally permitted.
[GoCms]2021/11/09 - 14:38:12.496	[31merror[0m	C:/work_go/go-cms-builder/server/core/server.go:44	listen tcp :40050: bind: Only one usage of each socket address (protocol/network address/port) is normally permitted.
[GoCms]2021/11/09 - 14:38:45.876	[31merror[0m	C:/work_go/go-cms-builder/server/core/server.go:44	listen tcp :40050: bind: Only one usage of each socket address (protocol/network address/port) is normally permitted.
[GoCms]2021/11/09 - 14:48:47.149	[31merror[0m	C:/work_go/go-cms-builder/server/core/server.go:44	listen tcp :40050: bind: Only one usage of each socket address (protocol/network address/port) is normally permitted.
[GoCms]2021/11/09 - 14:48:49.022	[31merror[0m	C:/work_go/go-cms-builder/server/core/server.go:44	listen tcp :40050: bind: Only one usage of each socket address (protocol/network address/port) is normally permitted.
[GoCms]2021/11/09 - 14:49:48.089	[31merror[0m	C:/work_go/go-cms-builder/server/core/server.go:44	listen tcp :40050: bind: Only one usage of each socket address (protocol/network address/port) is normally permitted.
[GoCms]2021/11/09 - 14:59:36.766	[31merror[0m	C:/work_go/go-cms-builder/server/core/server.go:44	listen tcp :40050: bind: Only one usage of each socket address (protocol/network address/port) is normally permitted.
[GoCms]2021/11/09 - 15:00:07.064	[31merror[0m	C:/work_go/go-cms-builder/server/core/server.go:44	listen tcp :40050: bind: Only one usage of each socket address (protocol/network address/port) is normally permitted.
[GoCms]2021/11/09 - 15:00:33.010	[31merror[0m	C:/work_go/go-cms-builder/server/core/server.go:44	listen tcp :40050: bind: Only one usage of each socket address (protocol/network address/port) is normally permitted.
[GoCms]2021/11/15 - 17:04:39.066	[31merror[0m	C:/work_go/go-cms-builder/server/api/v1/business/col_collect.go:155	获取失败!	{"err": "Error 1054: Unknown column 'col_collect.start_id' in 'field list'"}
[GoCms]2021/11/15 - 17:04:39.136	[31merror[0m	C:/work_go/go-cms-builder/server/api/v1/business/col_collect.go:155	获取失败!	{"err": "Error 1054: Unknown column 'col_collect.start_id' in 'field list'"}
[GoCms]2021/11/15 - 17:04:39.208	[31merror[0m	C:/work_go/go-cms-builder/server/api/v1/business/col_collect.go:155	获取失败!	{"err": "Error 1054: Unknown column 'col_collect.start_id' in 'field list'"}
[GoCms]2021/11/16 - 14:06:52.288	[31merror[0m	C:/work_go/go-cms-builder/server/core/server.go:44	listen tcp :40050: bind: Only one usage of each socket address (protocol/network address/port) is normally permitted.
[GoCms]2021/11/16 - 14:08:25.922	[31merror[0m	C:/work_go/go-cms-builder/server/core/server.go:44	listen tcp :40050: bind: Only one usage of each socket address (protocol/network address/port) is normally permitted.
[GoCms]2021/11/16 - 14:09:37.563	[31merror[0m	C:/work_go/go-cms-builder/server/core/server.go:44	listen tcp :40050: bind: Only one usage of each socket address (protocol/network address/port) is normally permitted.
[GoCms]2021/11/16 - 14:11:50.016	[31merror[0m	C:/work_go/go-cms-builder/server/core/server.go:44	listen tcp :40050: bind: Only one usage of each socket address (protocol/network address/port) is normally permitted.
[GoCms]2021/11/16 - 14:12:10.262	[31merror[0m	C:/work_go/go-cms-builder/server/core/server.go:44	listen tcp :40050: bind: Only one usage of each socket address (protocol/network address/port) is normally permitted.
[GoCms]2021/11/16 - 14:46:06.075	[31merror[0m	C:/work_go/go-cms-builder/server/core/server.go:44	listen tcp :40050: bind: Only one usage of each socket address (protocol/network address/port) is normally permitted.
[GoCms]2021/11/16 - 14:53:02.664	[31merror[0m	C:/work_go/go-cms-builder/server/core/server.go:44	listen tcp :40050: bind: Only one usage of each socket address (protocol/network address/port) is normally permitted.
[GoCms]2021/11/16 - 14:54:53.902	[31merror[0m	C:/work_go/go-cms-builder/server/core/server.go:44	listen tcp :40050: bind: Only one usage of each socket address (protocol/network address/port) is normally permitted.
[GoCms]2021/11/16 - 14:55:32.164	[31merror[0m	C:/work_go/go-cms-builder/server/core/server.go:44	listen tcp :40050: bind: Only one usage of each socket address (protocol/network address/port) is normally permitted.
[GoCms]2021/11/16 - 14:58:20.800	[31merror[0m	C:/work_go/go-cms-builder/server/core/server.go:44	listen tcp :40050: bind: Only one usage of each socket address (protocol/network address/port) is normally permitted.
[GoCms]2021/11/16 - 15:01:15.565	[31merror[0m	C:/work_go/go-cms-builder/server/core/server.go:44	listen tcp :40050: bind: Only one usage of each socket address (protocol/network address/port) is normally permitted.
[GoCms]2021/11/16 - 15:01:18.527	[31merror[0m	C:/work_go/go-cms-builder/server/core/server.go:44	listen tcp :40050: bind: Only one usage of each socket address (protocol/network address/port) is normally permitted.
[GoCms]2021/11/16 - 15:01:26.150	[31merror[0m	C:/work_go/go-cms-builder/server/core/server.go:44	listen tcp :40050: bind: Only one usage of each socket address (protocol/network address/port) is normally permitted.
[GoCms]2021/11/16 - 15:01:48.589	[31merror[0m	C:/work_go/go-cms-builder/server/core/server.go:44	listen tcp :40050: bind: Only one usage of each socket address (protocol/network address/port) is normally permitted.
[GoCms]2021/11/16 - 15:01:55.822	[31merror[0m	C:/work_go/go-cms-builder/server/core/server.go:44	listen tcp :40050: bind: Only one usage of each socket address (protocol/network address/port) is normally permitted.
[GoCms]2021/11/16 - 15:06:06.449	[31merror[0m	C:/work_go/go-cms-builder/server/core/server.go:44	listen tcp :40050: bind: Only one usage of each socket address (protocol/network address/port) is normally permitted.
[GoCms]2021/11/16 - 15:09:45.458	[31merror[0m	C:/work_go/go-cms-builder/server/core/server.go:44	listen tcp :40050: bind: Only one usage of each socket address (protocol/network address/port) is normally permitted.
[GoCms]2021/11/16 - 15:09:54.880	[31merror[0m	C:/work_go/go-cms-builder/server/core/server.go:44	listen tcp :40050: bind: Only one usage of each socket address (protocol/network address/port) is normally permitted.
[GoCms]2021/11/16 - 15:11:23.302	[31merror[0m	C:/work_go/go-cms-builder/server/core/server.go:44	listen tcp :40050: bind: Only one usage of each socket address (protocol/network address/port) is normally permitted.
[GoCms]2021/11/16 - 15:13:50.233	[31merror[0m	C:/work_go/go-cms-builder/server/core/server.go:44	listen tcp :40050: bind: Only one usage of each socket address (protocol/network address/port) is normally permitted.
[GoCms]2021/11/16 - 15:22:06.598	[31merror[0m	C:/work_go/go-cms-builder/server/core/server.go:44	listen tcp :40050: bind: Only one usage of each socket address (protocol/network address/port) is normally permitted.
[GoCms]2021/11/16 - 15:23:42.132	[31merror[0m	C:/work_go/go-cms-builder/server/core/server.go:44	listen tcp :40050: bind: Only one usage of each socket address (protocol/network address/port) is normally permitted.
[GoCms]2021/11/16 - 15:27:27.827	[31merror[0m	C:/work_go/go-cms-builder/server/core/server.go:44	listen tcp :40050: bind: Only one usage of each socket address (protocol/network address/port) is normally permitted.
[GoCms]2021/11/16 - 16:16:46.284	[31merror[0m	C:/work_go/go-cms-builder/server/core/server.go:44	listen tcp :40050: bind: Only one usage of each socket address (protocol/network address/port) is normally permitted.
[GoCms]2021/11/16 - 16:47:43.133	[31merror[0m	C:/work_go/go-cms-builder/server/core/server.go:44	listen tcp :40050: bind: Only one usage of each socket address (protocol/network address/port) is normally permitted.
[GoCms]2021/11/16 - 16:50:14.025	[31merror[0m	C:/work_go/go-cms-builder/server/core/server.go:44	listen tcp :40050: bind: Only one usage of each socket address (protocol/network address/port) is normally permitted.
[GoCms]2021/11/17 - 11:21:44.418	[31merror[0m	C:/work_go/go-cms-builder/server/core/server.go:44	listen tcp :40050: bind: Only one usage of each socket address (protocol/network address/port) is normally permitted.
[GoCms]2021/11/19 - 09:45:12.817	[31merror[0m	C:/work_go/go-cms-builder/server/core/server.go:44	listen tcp :40050: bind: Only one usage of each socket address (protocol/network address/port) is normally permitted.
[GoCms]2021/11/19 - 09:45:12.872	[31merror[0m	C:/work_go/go-cms-builder/server/core/server.go:44	listen tcp :40050: bind: Only one usage of each socket address (protocol/network address/port) is normally permitted.
[GoCms]2021/11/19 - 09:45:12.912	[31merror[0m	C:/work_go/go-cms-builder/server/core/server.go:44	listen tcp :40050: bind: Only one usage of each socket address (protocol/network address/port) is normally permitted.
[GoCms]2021/11/19 - 09:45:12.978	[31merror[0m	C:/work_go/go-cms-builder/server/core/server.go:44	listen tcp :40050: bind: Only one usage of each socket address (protocol/network address/port) is normally permitted.
[GoCms]2021/11/19 - 13:49:35.939	[31merror[0m	C:/work_go/go-cms-builder/server/core/server.go:44	listen tcp :40050: bind: Only one usage of each socket address (protocol/network address/port) is normally permitted.
[GoCms]2021/11/19 - 14:41:54.996	[31merror[0m	C:/work_go/go-cms-builder/server/core/server.go:44	listen tcp :40050: bind: Only one usage of each socket address (protocol/network address/port) is normally permitted.
[GoCms]2021/11/19 - 14:57:40.714	[31merror[0m	C:/work_go/go-cms-builder/server/core/server.go:44	listen tcp :40050: bind: Only one usage of each socket address (protocol/network address/port) is normally permitted.
[GoCms]2021/11/19 - 15:30:07.611	[31merror[0m	C:/work_go/go-cms-builder/server/core/server.go:44	listen tcp :40050: bind: Only one usage of each socket address (protocol/network address/port) is normally permitted.
[GoCms]2021/11/19 - 15:32:48.278	[31merror[0m	C:/work_go/go-cms-builder/server/core/server.go:44	listen tcp :40050: bind: Only one usage of each socket address (protocol/network address/port) is normally permitted.
[GoCms]2021/11/19 - 15:35:39.799	[31merror[0m	C:/work_go/go-cms-builder/server/core/server.go:44	listen tcp :40050: bind: Only one usage of each socket address (protocol/network address/port) is normally permitted.
[GoCms]2021/11/19 - 15:43:34.181	[31merror[0m	C:/work_go/go-cms-builder/server/core/server.go:44	listen tcp :40050: bind: Only one usage of each socket address (protocol/network address/port) is normally permitted.
[GoCms]2021/11/19 - 15:45:20.108	[31merror[0m	C:/work_go/go-cms-builder/server/core/server.go:44	listen tcp :40050: bind: Only one usage of each socket address (protocol/network address/port) is normally permitted.
[GoCms]2021/11/19 - 15:45:20.136	[31merror[0m	C:/work_go/go-cms-builder/server/core/server.go:44	listen tcp :40050: bind: Only one usage of each socket address (protocol/network address/port) is normally permitted.
[GoCms]2021/11/19 - 15:45:39.929	[31merror[0m	C:/work_go/go-cms-builder/server/core/server.go:44	listen tcp :40050: bind: Only one usage of each socket address (protocol/network address/port) is normally permitted.
[GoCms]2021/11/22 - 10:35:44.384	[31merror[0m	C:/work_go/go-cms-builder/server/core/server.go:48	listen tcp :40050: bind: Only one usage of each socket address (protocol/network address/port) is normally permitted.
[GoCms]2021/11/22 - 10:38:22.537	[31merror[0m	C:/work_go/go-cms-builder/server/core/server.go:48	listen tcp :40050: bind: Only one usage of each socket address (protocol/network address/port) is normally permitted.
[GoCms]2021/11/22 - 10:41:11.811	[31merror[0m	C:/work_go/go-cms-builder/server/core/server.go:48	listen tcp :40050: bind: Only one usage of each socket address (protocol/network address/port) is normally permitted.
[GoCms]2021/11/22 - 10:41:12.045	[31merror[0m	C:/work_go/go-cms-builder/server/core/server.go:48	listen tcp :40050: bind: Only one usage of each socket address (protocol/network address/port) is normally permitted.
[GoCms]2021/11/22 - 10:56:40.382	[31merror[0m	C:/work_go/go-cms-builder/server/core/server.go:48	listen tcp :40050: bind: Only one usage of each socket address (protocol/network address/port) is normally permitted.
[GoCms]2021/11/22 - 10:58:00.842	[31merror[0m	C:/work_go/go-cms-builder/server/core/server.go:48	listen tcp :40050: bind: Only one usage of each socket address (protocol/network address/port) is normally permitted.
[GoCms]2021/11/22 - 10:58:32.273	[31merror[0m	C:/work_go/go-cms-builder/server/api/v1/business/col_hsj.go:247	open C:/work_go/go-cms-fork/server//res/sys/excel/1637549912.xlsx: The system cannot find the path specified.
[GoCms]2021/11/22 - 14:05:54.581	[31merror[0m	C:/work_go/go-cms-builder/server/core/server.go:48	listen tcp :40050: bind: Only one usage of each socket address (protocol/network address/port) is normally permitted.
[GoCms]2021/11/22 - 14:08:14.767	[31merror[0m	C:/work_go/go-cms-builder/server/core/server.go:48	listen tcp :40050: bind: Only one usage of each socket address (protocol/network address/port) is normally permitted.
[GoCms]2021/11/22 - 14:13:48.888	[31merror[0m	C:/work_go/go-cms-builder/server/core/server.go:48	listen tcp :40050: bind: Only one usage of each socket address (protocol/network address/port) is normally permitted.
[GoCms]2021/11/22 - 14:15:06.974	[31merror[0m	C:/work_go/go-cms-builder/server/core/server.go:48	listen tcp :40050: bind: Only one usage of each socket address (protocol/network address/port) is normally permitted.
[GoCms]2021/11/22 - 14:19:23.434	[31merror[0m	C:/work_go/go-cms-builder/server/core/server.go:48	listen tcp :40050: bind: Only one usage of each socket address (protocol/network address/port) is normally permitted.
[GoCms]2021/11/22 - 14:21:04.564	[31merror[0m	C:/work_go/go-cms-builder/server/core/server.go:48	listen tcp :40050: bind: Only one usage of each socket address (protocol/network address/port) is normally permitted.
[GoCms]2021/11/22 - 14:22:21.282	[31merror[0m	C:/work_go/go-cms-builder/server/core/server.go:48	listen tcp :40050: bind: Only one usage of each socket address (protocol/network address/port) is normally permitted.
[GoCms]2021/11/22 - 14:24:06.120	[31merror[0m	C:/work_go/go-cms-builder/server/core/server.go:48	listen tcp :40050: bind: Only one usage of each socket address (protocol/network address/port) is normally permitted.
[GoCms]2021/11/22 - 16:40:24.012	[31merror[0m	C:/work_go/go-cms/cms-server/api/v1/system/sys_menu.go:144	删除失败!	{"err": "此菜单存在子菜单不可删除"}
[GoCms]2021/11/22 - 17:52:06.573	[31merror[0m	C:/work_go/go-cms/cms-server/core/server.go:48	listen tcp :40050: bind: Only one usage of each socket address (protocol/network address/port) is normally permitted.
