[GoCms]2022/01/04 - 17:02:06.706	[34minfo[0m	C:/work_go/go-cms/server/initialize/gorm.go:86	register table success
[GoCms]2022/01/04 - 17:02:06.732	[34minfo[0m	C:/work_go/go-cms/server/initialize/router.go:34	use middleware logger
[GoCms]2022/01/04 - 17:02:06.733	[34minfo[0m	C:/work_go/go-cms/server/initialize/router.go:37	use middleware cors
[GoCms]2022/01/04 - 17:02:06.734	[34minfo[0m	C:/work_go/go-cms/server/initialize/router.go:39	register swagger handler
[GoCms]2022/01/04 - 17:02:06.812	[34minfo[0m	C:/work_go/go-cms/server/initialize/router.go:123	router register success
[GoCms]2022/01/04 - 17:02:06.817	[34minfo[0m	C:/work_go/go-cms/server/core/server.go:40	server run success on 	{"address": ":40050"}
[GoCms]2022/01/04 - 17:02:06.828	[34minfo[0m	C:/work_go/go-cms/server/plugin/collect/collectmManager.go:39	çˆ¬è™«é‡‡é›†å™¨æ’ä»¶æœåŠ¡å™¨ CollectManager init ....
[GoCms]2022/01/04 - 17:02:06.828	[34minfo[0m	C:/work_go/go-cms/server/plugin/collect/collectmManager.go:92	CollectManager å¼€å§‹è¿è¡Œ manager_run.....
[GoCms]2022/01/04 - 17:17:27.650	[34minfo[0m	C:/work_go/go-cms/server/initialize/gorm.go:86	register table success
[GoCms]2022/01/04 - 17:17:27.661	[34minfo[0m	C:/work_go/go-cms/server/initialize/router.go:34	use middleware logger
[GoCms]2022/01/04 - 17:17:27.661	[34minfo[0m	C:/work_go/go-cms/server/initialize/router.go:37	use middleware cors
[GoCms]2022/01/04 - 17:17:27.662	[34minfo[0m	C:/work_go/go-cms/server/initialize/router.go:39	register swagger handler
[GoCms]2022/01/04 - 17:17:27.773	[34minfo[0m	C:/work_go/go-cms/server/initialize/router.go:123	router register success
[GoCms]2022/01/04 - 17:17:27.777	[34minfo[0m	C:/work_go/go-cms/server/core/server.go:40	server run success on 	{"address": ":40050"}
[GoCms]2022/01/04 - 17:17:27.777	[34minfo[0m	C:/work_go/go-cms/server/plugin/collect/collectmManager.go:39	çˆ¬è™«é‡‡é›†å™¨æ’ä»¶æœåŠ¡å™¨ CollectManager init ....
[GoCms]2022/01/04 - 17:17:27.777	[34minfo[0m	C:/work_go/go-cms/server/plugin/collect/collectmManager.go:92	CollectManager å¼€å§‹è¿è¡Œ manager_run.....
[GoCms]2022/04/21 - 10:27:11.487	[34minfo[0m	D:/work_go/go-cms/server/initialize/gorm.go:86	register table success
[GoCms]2022/04/21 - 10:27:11.511	[34minfo[0m	D:/work_go/go-cms/server/initialize/router.go:34	use middleware logger
[GoCms]2022/04/21 - 10:27:11.512	[34minfo[0m	D:/work_go/go-cms/server/initialize/router.go:37	use middleware cors
[GoCms]2022/04/21 - 10:27:11.513	[34minfo[0m	D:/work_go/go-cms/server/initialize/router.go:39	register swagger handler
[GoCms]2022/04/21 - 10:27:11.640	[34minfo[0m	D:/work_go/go-cms/server/initialize/router.go:123	router register success
[GoCms]2022/04/21 - 10:27:11.645	[34minfo[0m	D:/work_go/go-cms/server/core/server.go:40	server run success on 	{"address": ":40050"}
[GoCms]2022/04/21 - 10:27:11.646	[34minfo[0m	D:/work_go/go-cms/server/plugin/collect/collectmManager.go:39	çˆ¬è™«é‡‡é›†å™¨æ’ä»¶æœåŠ¡å™¨ CollectManager init ....
[GoCms]2022/04/21 - 10:27:11.647	[34minfo[0m	D:/work_go/go-cms/server/plugin/collect/collectmManager.go:92	CollectManager å¼€å§‹è¿è¡Œ manager_run.....
[GoCms]2022/04/21 - 10:50:02.082	[34minfo[0m	D:/work_go/go-cms/server/initialize/gorm.go:86	register table success
[GoCms]2022/04/21 - 10:50:02.110	[34minfo[0m	D:/work_go/go-cms/server/initialize/router.go:34	use middleware logger
[GoCms]2022/04/21 - 10:50:02.110	[34minfo[0m	D:/work_go/go-cms/server/initialize/router.go:37	use middleware cors
[GoCms]2022/04/21 - 10:50:02.111	[34minfo[0m	D:/work_go/go-cms/server/initialize/router.go:39	register swagger handler
[GoCms]2022/04/21 - 10:50:02.228	[34minfo[0m	D:/work_go/go-cms/server/initialize/router.go:123	router register success
[GoCms]2022/04/21 - 10:50:02.230	[34minfo[0m	D:/work_go/go-cms/server/core/server.go:40	server run success on 	{"address": ":40050"}
[GoCms]2022/04/21 - 10:50:02.230	[34minfo[0m	D:/work_go/go-cms/server/plugin/collect/collectmManager.go:39	çˆ¬è™«é‡‡é›†å™¨æ’ä»¶æœåŠ¡å™¨ CollectManager init ....
[GoCms]2022/04/21 - 10:50:02.231	[34minfo[0m	D:/work_go/go-cms/server/plugin/collect/collectmManager.go:92	CollectManager å¼€å§‹è¿è¡Œ manager_run.....
[GoCms]2022/04/21 - 11:10:30.827	[34minfo[0m	D:/work_go/go-cms/server/initialize/gorm.go:86	register table success
[GoCms]2022/04/21 - 11:10:30.854	[34minfo[0m	D:/work_go/go-cms/server/initialize/router.go:34	use middleware logger
[GoCms]2022/04/21 - 11:10:30.855	[34minfo[0m	D:/work_go/go-cms/server/initialize/router.go:37	use middleware cors
[GoCms]2022/04/21 - 11:10:30.856	[34minfo[0m	D:/work_go/go-cms/server/initialize/router.go:39	register swagger handler
[GoCms]2022/04/21 - 11:10:30.978	[34minfo[0m	D:/work_go/go-cms/server/initialize/router.go:123	router register success
[GoCms]2022/04/21 - 11:10:30.993	[34minfo[0m	D:/work_go/go-cms/server/core/server.go:40	server run success on 	{"address": ":40050"}
[GoCms]2022/04/21 - 11:10:30.993	[34minfo[0m	D:/work_go/go-cms/server/plugin/collect/collectmManager.go:39	çˆ¬è™«é‡‡é›†å™¨æ’ä»¶æœåŠ¡å™¨ CollectManager init ....
[GoCms]2022/04/21 - 11:10:30.994	[34minfo[0m	D:/work_go/go-cms/server/plugin/collect/collectmManager.go:92	CollectManager å¼€å§‹è¿è¡Œ manager_run.....
[GoCms]2022/04/21 - 11:12:22.444	[34minfo[0m	D:/work_go/go-cms/server/initialize/gorm.go:86	register table success
[GoCms]2022/04/21 - 11:12:22.472	[34minfo[0m	D:/work_go/go-cms/server/initialize/router.go:34	use middleware logger
[GoCms]2022/04/21 - 11:12:22.473	[34minfo[0m	D:/work_go/go-cms/server/initialize/router.go:37	use middleware cors
[GoCms]2022/04/21 - 11:12:22.475	[34minfo[0m	D:/work_go/go-cms/server/initialize/router.go:39	register swagger handler
[GoCms]2022/04/21 - 11:12:22.569	[34minfo[0m	D:/work_go/go-cms/server/initialize/router.go:123	router register success
[GoCms]2022/04/21 - 11:12:22.575	[34minfo[0m	D:/work_go/go-cms/server/core/server.go:40	server run success on 	{"address": ":40050"}
[GoCms]2022/04/21 - 11:12:22.575	[34minfo[0m	D:/work_go/go-cms/server/plugin/collect/collectmManager.go:39	çˆ¬è™«é‡‡é›†å™¨æ’ä»¶æœåŠ¡å™¨ CollectManager init ....
[GoCms]2022/04/21 - 11:12:22.576	[34minfo[0m	D:/work_go/go-cms/server/plugin/collect/collectmManager.go:92	CollectManager å¼€å§‹è¿è¡Œ manager_run.....
[GoCms]2022/04/21 - 11:13:44.868	[34minfo[0m	D:/work_go/go-cms/server/initialize/gorm.go:86	register table success
[GoCms]2022/04/21 - 11:13:44.897	[34minfo[0m	D:/work_go/go-cms/server/initialize/router.go:34	use middleware logger
[GoCms]2022/04/21 - 11:13:44.898	[34minfo[0m	D:/work_go/go-cms/server/initialize/router.go:37	use middleware cors
[GoCms]2022/04/21 - 11:13:44.900	[34minfo[0m	D:/work_go/go-cms/server/initialize/router.go:39	register swagger handler
[GoCms]2022/04/21 - 11:13:45.004	[34minfo[0m	D:/work_go/go-cms/server/initialize/router.go:123	router register success
[GoCms]2022/04/21 - 11:13:45.010	[34minfo[0m	D:/work_go/go-cms/server/core/server.go:40	server run success on 	{"address": ":40050"}
[GoCms]2022/04/21 - 11:13:45.010	[34minfo[0m	D:/work_go/go-cms/server/plugin/collect/collectmManager.go:39	çˆ¬è™«é‡‡é›†å™¨æ’ä»¶æœåŠ¡å™¨ CollectManager init ....
[GoCms]2022/04/21 - 11:13:45.011	[34minfo[0m	D:/work_go/go-cms/server/plugin/collect/collectmManager.go:92	CollectManager å¼€å§‹è¿è¡Œ manager_run.....
[GoCms]2022/04/21 - 11:17:17.864	[34minfo[0m	D:/work_go/go-cms/server/initialize/gorm.go:86	register table success
[GoCms]2022/04/21 - 11:17:17.881	[34minfo[0m	D:/work_go/go-cms/server/plugin/collect/collectmManager.go:39	çˆ¬è™«é‡‡é›†å™¨æ’ä»¶æœåŠ¡å™¨ CollectManager init ....
[GoCms]2022/04/21 - 11:17:17.881	[34minfo[0m	D:/work_go/go-cms/server/plugin/collect/collectmManager.go:92	CollectManager å¼€å§‹è¿è¡Œ manager_run.....
[GoCms]2022/04/21 - 11:17:17.881	[34minfo[0m	D:/work_go/go-cms/server/plugin/txim/tximManager.go:45	è…¾è®¯IMæ¶ˆæ¯ä¸‹è½½æ’ä»¶ TximManager init ....
[GoCms]2022/04/21 - 11:17:17.882	[34minfo[0m	D:/work_go/go-cms/server/plugin/txim/tximManager.go:100	TximManager å¼€å§‹è¿è¡Œ manager_run.....
[GoCms]2022/04/21 - 11:17:17.886	[34minfo[0m	D:/work_go/go-cms/server/initialize/router.go:34	use middleware logger
[GoCms]2022/04/21 - 11:17:17.886	[34minfo[0m	D:/work_go/go-cms/server/initialize/router.go:37	use middleware cors
[GoCms]2022/04/21 - 11:17:17.888	[34minfo[0m	D:/work_go/go-cms/server/initialize/router.go:39	register swagger handler
[GoCms]2022/04/21 - 11:17:18.029	[34minfo[0m	D:/work_go/go-cms/server/initialize/router.go:123	router register success
[GoCms]2022/04/21 - 11:17:18.034	[34minfo[0m	D:/work_go/go-cms/server/core/server.go:42	server run success on 	{"address": ":40050"}
[GoCms]2022/04/21 - 11:18:10.715	[34minfo[0m	D:/work_go/go-cms/server/initialize/gorm.go:86	register table success
[GoCms]2022/04/21 - 11:18:10.727	[34minfo[0m	D:/work_go/go-cms/server/plugin/collect/collectmManager.go:39	çˆ¬è™«é‡‡é›†å™¨æ’ä»¶æœåŠ¡å™¨ CollectManager init ....
[GoCms]2022/04/21 - 11:18:10.728	[34minfo[0m	D:/work_go/go-cms/server/plugin/txim/tximManager.go:45	è…¾è®¯IMæ¶ˆæ¯ä¸‹è½½æ’ä»¶ TximManager init ....
[GoCms]2022/04/21 - 11:18:10.728	[34minfo[0m	D:/work_go/go-cms/server/plugin/txim/tximManager.go:100	TximManager å¼€å§‹è¿è¡Œ manager_run.....
[GoCms]2022/04/21 - 11:18:10.728	[34minfo[0m	D:/work_go/go-cms/server/plugin/collect/collectmManager.go:92	CollectManager å¼€å§‹è¿è¡Œ manager_run.....
[GoCms]2022/04/21 - 11:18:10.733	[34minfo[0m	D:/work_go/go-cms/server/initialize/router.go:34	use middleware logger
[GoCms]2022/04/21 - 11:18:10.735	[34minfo[0m	D:/work_go/go-cms/server/initialize/router.go:37	use middleware cors
[GoCms]2022/04/21 - 11:18:10.736	[34minfo[0m	D:/work_go/go-cms/server/initialize/router.go:39	register swagger handler
[GoCms]2022/04/21 - 11:18:10.879	[34minfo[0m	D:/work_go/go-cms/server/initialize/router.go:123	router register success
[GoCms]2022/04/21 - 11:18:10.891	[34minfo[0m	D:/work_go/go-cms/server/core/server.go:42	server run success on 	{"address": ":40050"}
[GoCms]2022/04/21 - 11:19:07.779	[34minfo[0m	D:/work_go/go-cms/server/initialize/gorm.go:86	register table success
[GoCms]2022/04/21 - 11:19:07.790	[34minfo[0m	D:/work_go/go-cms/server/plugin/collect/collectmManager.go:39	çˆ¬è™«é‡‡é›†å™¨æ’ä»¶æœåŠ¡å™¨ CollectManager init ....
[GoCms]2022/04/21 - 11:19:07.790	[34minfo[0m	D:/work_go/go-cms/server/plugin/txim/tximManager.go:45	è…¾è®¯IMæ¶ˆæ¯ä¸‹è½½æ’ä»¶ TximManager init ....
[GoCms]2022/04/21 - 11:19:07.790	[34minfo[0m	D:/work_go/go-cms/server/plugin/collect/collectmManager.go:92	CollectManager å¼€å§‹è¿è¡Œ manager_run.....
[GoCms]2022/04/21 - 11:19:07.791	[34minfo[0m	D:/work_go/go-cms/server/plugin/txim/tximManager.go:100	TximManager å¼€å§‹è¿è¡Œ manager_run.....
[GoCms]2022/04/21 - 11:19:07.795	[34minfo[0m	D:/work_go/go-cms/server/initialize/router.go:34	use middleware logger
[GoCms]2022/04/21 - 11:19:07.796	[34minfo[0m	D:/work_go/go-cms/server/initialize/router.go:37	use middleware cors
[GoCms]2022/04/21 - 11:19:07.797	[34minfo[0m	D:/work_go/go-cms/server/initialize/router.go:39	register swagger handler
[GoCms]2022/04/21 - 11:19:07.897	[34minfo[0m	D:/work_go/go-cms/server/initialize/router.go:123	router register success
[GoCms]2022/04/21 - 11:19:07.905	[34minfo[0m	D:/work_go/go-cms/server/core/server.go:42	server run success on 	{"address": ":40050"}
[GoCms]2022/04/21 - 11:37:48.324	[34minfo[0m	D:/work_go/go-cms/server/initialize/gorm.go:86	register table success
[GoCms]2022/04/21 - 11:37:48.338	[34minfo[0m	D:/work_go/go-cms/server/plugin/collect/collectmManager.go:39	çˆ¬è™«é‡‡é›†å™¨æ’ä»¶æœåŠ¡å™¨ CollectManager init ....
[GoCms]2022/04/21 - 11:37:48.339	[34minfo[0m	D:/work_go/go-cms/server/plugin/txim/tximManager.go:45	è…¾è®¯IMæ¶ˆæ¯ä¸‹è½½æ’ä»¶ TximManager init ....
[GoCms]2022/04/21 - 11:37:48.339	[34minfo[0m	D:/work_go/go-cms/server/plugin/collect/collectmManager.go:92	CollectManager å¼€å§‹è¿è¡Œ manager_run.....
[GoCms]2022/04/21 - 11:37:48.340	[34minfo[0m	D:/work_go/go-cms/server/plugin/txim/tximManager.go:100	TximManager å¼€å§‹è¿è¡Œ manager_run.....
[GoCms]2022/04/21 - 11:37:48.346	[34minfo[0m	D:/work_go/go-cms/server/initialize/router.go:34	use middleware logger
[GoCms]2022/04/21 - 11:37:48.347	[34minfo[0m	D:/work_go/go-cms/server/initialize/router.go:37	use middleware cors
[GoCms]2022/04/21 - 11:37:48.349	[34minfo[0m	D:/work_go/go-cms/server/initialize/router.go:39	register swagger handler
[GoCms]2022/04/21 - 11:37:48.498	[34minfo[0m	D:/work_go/go-cms/server/initialize/router.go:123	router register success
[GoCms]2022/04/21 - 11:37:48.502	[34minfo[0m	D:/work_go/go-cms/server/core/server.go:42	server run success on 	{"address": ":40050"}
[GoCms]2022/04/21 - 13:29:38.778	[34minfo[0m	D:/work_go/go-cms/server/initialize/gorm.go:86	register table success
[GoCms]2022/04/21 - 13:29:38.794	[34minfo[0m	D:/work_go/go-cms/server/plugin/collect/collectmManager.go:39	çˆ¬è™«é‡‡é›†å™¨æ’ä»¶æœåŠ¡å™¨ CollectManager init ....
[GoCms]2022/04/21 - 13:29:38.794	[34minfo[0m	D:/work_go/go-cms/server/plugin/txim/tximManager.go:45	è…¾è®¯IMæ¶ˆæ¯ä¸‹è½½æ’ä»¶ TximManager init ....
[GoCms]2022/04/21 - 13:29:38.794	[34minfo[0m	D:/work_go/go-cms/server/plugin/collect/collectmManager.go:92	CollectManager å¼€å§‹è¿è¡Œ manager_run.....
[GoCms]2022/04/21 - 13:29:38.796	[34minfo[0m	D:/work_go/go-cms/server/plugin/txim/tximManager.go:100	TximManager å¼€å§‹è¿è¡Œ manager_run.....
[GoCms]2022/04/21 - 13:29:38.801	[34minfo[0m	D:/work_go/go-cms/server/initialize/router.go:34	use middleware logger
[GoCms]2022/04/21 - 13:29:38.802	[34minfo[0m	D:/work_go/go-cms/server/initialize/router.go:37	use middleware cors
[GoCms]2022/04/21 - 13:29:38.803	[34minfo[0m	D:/work_go/go-cms/server/initialize/router.go:39	register swagger handler
[GoCms]2022/04/21 - 13:29:38.921	[34minfo[0m	D:/work_go/go-cms/server/initialize/router.go:123	router register success
[GoCms]2022/04/21 - 13:29:38.929	[34minfo[0m	D:/work_go/go-cms/server/core/server.go:42	server run success on 	{"address": ":40050"}
[GoCms]2022/04/21 - 13:30:10.163	[34minfo[0m	D:/work_go/go-cms/server/initialize/gorm.go:86	register table success
[GoCms]2022/04/21 - 13:30:10.179	[34minfo[0m	D:/work_go/go-cms/server/plugin/collect/collectmManager.go:39	çˆ¬è™«é‡‡é›†å™¨æ’ä»¶æœåŠ¡å™¨ CollectManager init ....
[GoCms]2022/04/21 - 13:30:10.180	[34minfo[0m	D:/work_go/go-cms/server/plugin/txim/tximManager.go:45	è…¾è®¯IMæ¶ˆæ¯ä¸‹è½½æ’ä»¶ TximManager init ....
[GoCms]2022/04/21 - 13:30:10.180	[34minfo[0m	D:/work_go/go-cms/server/plugin/collect/collectmManager.go:92	CollectManager å¼€å§‹è¿è¡Œ manager_run.....
[GoCms]2022/04/21 - 13:30:10.182	[34minfo[0m	D:/work_go/go-cms/server/plugin/txim/tximManager.go:100	TximManager å¼€å§‹è¿è¡Œ manager_run.....
[GoCms]2022/04/21 - 13:30:10.186	[34minfo[0m	D:/work_go/go-cms/server/initialize/router.go:34	use middleware logger
[GoCms]2022/04/21 - 13:30:10.187	[34minfo[0m	D:/work_go/go-cms/server/initialize/router.go:37	use middleware cors
[GoCms]2022/04/21 - 13:30:10.189	[34minfo[0m	D:/work_go/go-cms/server/initialize/router.go:39	register swagger handler
[GoCms]2022/04/21 - 13:30:10.299	[34minfo[0m	D:/work_go/go-cms/server/initialize/router.go:123	router register success
[GoCms]2022/04/21 - 13:30:10.311	[34minfo[0m	D:/work_go/go-cms/server/core/server.go:42	server run success on 	{"address": ":40050"}
[GoCms]2022/04/21 - 13:32:32.628	[34minfo[0m	D:/work_go/go-cms/server/initialize/gorm.go:86	register table success
[GoCms]2022/04/21 - 13:32:32.641	[34minfo[0m	D:/work_go/go-cms/server/plugin/collect/collectmManager.go:39	çˆ¬è™«é‡‡é›†å™¨æ’ä»¶æœåŠ¡å™¨ CollectManager init ....
[GoCms]2022/04/21 - 13:32:32.642	[34minfo[0m	D:/work_go/go-cms/server/plugin/txim/tximManager.go:45	è…¾è®¯IMæ¶ˆæ¯ä¸‹è½½æ’ä»¶ TximManager init ....
[GoCms]2022/04/21 - 13:32:32.642	[34minfo[0m	D:/work_go/go-cms/server/plugin/collect/collectmManager.go:92	CollectManager å¼€å§‹è¿è¡Œ manager_run.....
[GoCms]2022/04/21 - 13:32:32.642	[34minfo[0m	D:/work_go/go-cms/server/plugin/txim/tximManager.go:100	TximManager å¼€å§‹è¿è¡Œ manager_run.....
[GoCms]2022/04/21 - 13:32:32.646	[34minfo[0m	D:/work_go/go-cms/server/initialize/router.go:34	use middleware logger
[GoCms]2022/04/21 - 13:32:32.647	[34minfo[0m	D:/work_go/go-cms/server/initialize/router.go:37	use middleware cors
[GoCms]2022/04/21 - 13:32:32.651	[34minfo[0m	D:/work_go/go-cms/server/initialize/router.go:39	register swagger handler
[GoCms]2022/04/21 - 13:32:32.763	[34minfo[0m	D:/work_go/go-cms/server/initialize/router.go:123	router register success
[GoCms]2022/04/21 - 13:32:32.764	[34minfo[0m	D:/work_go/go-cms/server/core/server.go:42	server run success on 	{"address": ":40050"}
[GoCms]2022/04/21 - 13:34:20.002	[34minfo[0m	D:/work_go/go-cms/server/plugin/txim/txim.go:150	txim å¼€å§‹è…¾è®¯æ¥å£ beginCollect_do...
[GoCms]2022/04/21 - 13:34:20.267	[34minfo[0m	D:/work_go/go-cms/server/plugin/txim/txim.go:211	æ–‡ä»¶æœªå‡†å¤‡å¥½ ï¼Œé€€å‡º Err_File_Expired  MsgTime=2022032518
[GoCms]2022/04/21 - 13:34:30.014	[34minfo[0m	D:/work_go/go-cms/server/plugin/txim/txim.go:150	txim å¼€å§‹è…¾è®¯æ¥å£ beginCollect_do...
[GoCms]2022/04/21 - 13:34:30.279	[34minfo[0m	D:/work_go/go-cms/server/plugin/txim/txim.go:211	æ–‡ä»¶æœªå‡†å¤‡å¥½ ï¼Œé€€å‡º Err_File_Expired  MsgTime=2022032519
[GoCms]2022/04/21 - 13:41:29.196	[34minfo[0m	D:/work_go/go-cms/server/initialize/gorm.go:86	register table success
[GoCms]2022/04/21 - 13:41:29.209	[34minfo[0m	D:/work_go/go-cms/server/plugin/collect/collectmManager.go:39	çˆ¬è™«é‡‡é›†å™¨æ’ä»¶æœåŠ¡å™¨ CollectManager init ....
[GoCms]2022/04/21 - 13:41:29.210	[34minfo[0m	D:/work_go/go-cms/server/plugin/txim/tximManager.go:45	è…¾è®¯IMæ¶ˆæ¯ä¸‹è½½æ’ä»¶ TximManager init ....
[GoCms]2022/04/21 - 13:41:29.210	[34minfo[0m	D:/work_go/go-cms/server/plugin/collect/collectmManager.go:92	CollectManager å¼€å§‹è¿è¡Œ manager_run.....
[GoCms]2022/04/21 - 13:41:29.210	[34minfo[0m	D:/work_go/go-cms/server/plugin/txim/tximManager.go:100	TximManager å¼€å§‹è¿è¡Œ manager_run.....
[GoCms]2022/04/21 - 13:41:29.214	[34minfo[0m	D:/work_go/go-cms/server/initialize/router.go:34	use middleware logger
[GoCms]2022/04/21 - 13:41:29.214	[34minfo[0m	D:/work_go/go-cms/server/initialize/router.go:37	use middleware cors
[GoCms]2022/04/21 - 13:41:29.216	[34minfo[0m	D:/work_go/go-cms/server/initialize/router.go:39	register swagger handler
[GoCms]2022/04/21 - 13:41:29.314	[34minfo[0m	D:/work_go/go-cms/server/initialize/router.go:123	router register success
[GoCms]2022/04/21 - 13:41:29.327	[34minfo[0m	D:/work_go/go-cms/server/core/server.go:42	server run success on 	{"address": ":40050"}
[GoCms]2022/04/21 - 13:44:24.860	[34minfo[0m	D:/work_go/go-cms/server/initialize/gorm.go:86	register table success
[GoCms]2022/04/21 - 13:44:24.872	[34minfo[0m	D:/work_go/go-cms/server/plugin/collect/collectmManager.go:39	çˆ¬è™«é‡‡é›†å™¨æ’ä»¶æœåŠ¡å™¨ CollectManager init ....
[GoCms]2022/04/21 - 13:44:24.872	[34minfo[0m	D:/work_go/go-cms/server/plugin/txim/tximManager.go:45	è…¾è®¯IMæ¶ˆæ¯ä¸‹è½½æ’ä»¶ TximManager init ....
[GoCms]2022/04/21 - 13:44:24.872	[34minfo[0m	D:/work_go/go-cms/server/plugin/collect/collectmManager.go:92	CollectManager å¼€å§‹è¿è¡Œ manager_run.....
[GoCms]2022/04/21 - 13:44:24.873	[34minfo[0m	D:/work_go/go-cms/server/plugin/txim/tximManager.go:100	TximManager å¼€å§‹è¿è¡Œ manager_run.....
[GoCms]2022/04/21 - 13:44:24.878	[34minfo[0m	D:/work_go/go-cms/server/initialize/router.go:34	use middleware logger
[GoCms]2022/04/21 - 13:44:24.878	[34minfo[0m	D:/work_go/go-cms/server/initialize/router.go:37	use middleware cors
[GoCms]2022/04/21 - 13:44:24.879	[34minfo[0m	D:/work_go/go-cms/server/initialize/router.go:39	register swagger handler
[GoCms]2022/04/21 - 13:44:25.056	[34minfo[0m	D:/work_go/go-cms/server/initialize/router.go:135	router register success
[GoCms]2022/04/21 - 13:44:25.059	[34minfo[0m	D:/work_go/go-cms/server/core/server.go:42	server run success on 	{"address": ":40050"}
[GoCms]2022/04/21 - 14:22:01.843	[34minfo[0m	D:/work_go/go-cms/server/initialize/gorm.go:86	register table success
[GoCms]2022/04/21 - 14:22:01.855	[34minfo[0m	D:/work_go/go-cms/server/plugin/collect/collectmManager.go:39	çˆ¬è™«é‡‡é›†å™¨æ’ä»¶æœåŠ¡å™¨ CollectManager init ....
[GoCms]2022/04/21 - 14:22:01.855	[34minfo[0m	D:/work_go/go-cms/server/plugin/txim/tximManager.go:45	è…¾è®¯IMæ¶ˆæ¯ä¸‹è½½æ’ä»¶ TximManager init ....
[GoCms]2022/04/21 - 14:22:01.855	[34minfo[0m	D:/work_go/go-cms/server/plugin/collect/collectmManager.go:92	CollectManager å¼€å§‹è¿è¡Œ manager_run.....
[GoCms]2022/04/21 - 14:22:01.856	[34minfo[0m	D:/work_go/go-cms/server/plugin/txim/tximManager.go:100	TximManager å¼€å§‹è¿è¡Œ manager_run.....
[GoCms]2022/04/21 - 14:22:01.862	[34minfo[0m	D:/work_go/go-cms/server/initialize/router.go:34	use middleware logger
[GoCms]2022/04/21 - 14:22:01.863	[34minfo[0m	D:/work_go/go-cms/server/initialize/router.go:37	use middleware cors
[GoCms]2022/04/21 - 14:22:01.864	[34minfo[0m	D:/work_go/go-cms/server/initialize/router.go:39	register swagger handler
[GoCms]2022/04/21 - 14:22:01.999	[34minfo[0m	D:/work_go/go-cms/server/initialize/router.go:135	router register success
[GoCms]2022/04/21 - 14:22:02.001	[34minfo[0m	D:/work_go/go-cms/server/core/server.go:42	server run success on 	{"address": ":40050"}
