[GoCms]2022/01/04 - 17:00:43.051	[31merror[0m	C:/work_go/go-cms/server/initialize/gorm.go:109	MySQLå¯åŠ¨å¼‚å¸¸	{"err": "dial tcp 127.0.0.1:53306: connectex: No connection could be made because the target machine actively refused it."}
[GoCms]2022/04/21 - 10:25:51.378	[31merror[0m	D:/work_go/go-cms/server/initialize/gorm.go:109	MySQLå¯åŠ¨å¼‚å¸¸	{"err": "Error 1044: Access denied for user 'gocms2021'@'%' to database 'go-cms-test'"}
[GoCms]2022/04/21 - 10:37:55.385	[31merror[0m	D:/work_go/go-cms/server/api/v1/system/sys_dictionary.go:86	æŸ¥è¯¢å¤±è´¥!	{"err": "record not found"}
[GoCms]2022/04/21 - 10:37:55.703	[31merror[0m	D:/work_go/go-cms/server/api/v1/system/sys_dictionary.go:86	æŸ¥è¯¢å¤±è´¥!	{"err": "record not found"}
[GoCms]2022/04/21 - 10:38:33.348	[31merror[0m	D:/work_go/go-cms/server/api/v1/system/sys_dictionary.go:86	æŸ¥è¯¢å¤±è´¥!	{"err": "record not found"}
[GoCms]2022/04/21 - 10:38:33.574	[31merror[0m	D:/work_go/go-cms/server/api/v1/system/sys_dictionary.go:86	æŸ¥è¯¢å¤±è´¥!	{"err": "record not found"}
[GoCms]2022/04/21 - 10:38:34.259	[31merror[0m	D:/work_go/go-cms/server/api/v1/system/sys_dictionary.go:86	æŸ¥è¯¢å¤±è´¥!	{"err": "record not found"}
[GoCms]2022/04/21 - 10:38:34.322	[31merror[0m	D:/work_go/go-cms/server/api/v1/system/sys_dictionary.go:86	æŸ¥è¯¢å¤±è´¥!	{"err": "record not found"}
[GoCms]2022/04/21 - 10:50:34.289	[31merror[0m	D:/work_go/go-cms/server/api/v1/system/sys_dictionary.go:86	æŸ¥è¯¢å¤±è´¥!	{"err": "record not found"}
[GoCms]2022/04/21 - 10:50:34.511	[31merror[0m	D:/work_go/go-cms/server/api/v1/system/sys_dictionary.go:86	æŸ¥è¯¢å¤±è´¥!	{"err": "record not found"}
[GoCms]2022/04/21 - 11:17:18.037	[31merror[0m	D:/work_go/go-cms/server/core/server.go:50	listen tcp :40050: bind: Only one usage of each socket address (protocol/network address/port) is normally permitted.
[GoCms]2022/04/21 - 11:20:37.662	[31merror[0m	D:/work_go/go-cms/server/api/v1/system/sys_dictionary.go:86	æŸ¥è¯¢å¤±è´¥!	{"err": "record not found"}
[GoCms]2022/04/21 - 11:20:37.986	[31merror[0m	D:/work_go/go-cms/server/api/v1/system/sys_dictionary.go:86	æŸ¥è¯¢å¤±è´¥!	{"err": "record not found"}
[GoCms]2022/04/21 - 13:29:38.937	[31merror[0m	D:/work_go/go-cms/server/core/server.go:49	listen tcp :40050: bind: Only one usage of each socket address (protocol/network address/port) is normally permitted.
[GoCms]2022/04/21 - 14:22:52.069	[31merror[0m	D:/work_go/go-cms/server/api/v1/system/sys_user.go:307	è·å–å¤±è´¥!	{"err": "record not found"}
[GoCms]2022/05/12 - 21:02:52.004	[31merror[0m	D:/work_go/go-cms/server/initialize/gorm.go:103	MySQLå¯åŠ¨å¼‚å¸¸	{"err": "dial tcp 0.0.0.0:3306: connectex: No connection could be made because the target machine actively refused it."}
[GoCms]2022/05/12 - 21:54:35.658	[31merror[0m	D:/work_go/go-cms/server/initialize/gorm.go:103	MySQLå¯åŠ¨å¼‚å¸¸	{"err": "dial tcp 127.0.0.1:53306: connectex: No connection could be made because the target machine actively refused it."}
[GoCms]2022/05/12 - 21:55:25.376	[31merror[0m	D:/work_go/go-cms/server/initialize/gorm.go:103	MySQLå¯åŠ¨å¼‚å¸¸	{"err": "dial tcp 127.0.0.1:53306: connectex: No connection could be made because the target machine actively refused it."}
[GoCms]2022/05/12 - 22:12:43.658	[31merror[0m	D:/work_go/go-cms/server/api/v1/business/pay_payment.go:159	è·å–å¤±è´¥!	{"err": "Error 1054: Unknown column 'pay_payment.price' in 'field list'"}
[GoCms]2022/05/12 - 22:12:56.294	[31merror[0m	D:/work_go/go-cms/server/api/v1/business/pay_payment.go:159	è·å–å¤±è´¥!	{"err": "Error 1054: Unknown column 'pay_payment.price' in 'field list'"}
[GoCms]2022/05/12 - 22:15:33.667	[31merror[0m	D:/work_go/go-cms/server/api/v1/system/sys_menu.go:144	åˆ é™¤å¤±è´¥!	{"err": "æ­¤èœå•å­˜åœ¨å­èœå•ä¸å¯åˆ é™¤"}
[GoCms]2022/05/12 - 22:23:22.041	[31merror[0m	D:/work_go/go-cms/server/api/v1/business/pay_payment.go:159	è·å–å¤±è´¥!	{"err": "Error 1054: Unknown column 'pay_payment.price' in 'field list'"}
